<testsuites id="" name="" tests="1" failures="0" skipped="0" errors="0" time="7.934463000000001">
<testsuite name="simple.spec.ts" timestamp="2025-09-03T13:04:35.256Z" hostname="chromium" tests="1" failures="0" skipped="0" time="7.166" errors="0">
<testcase name="complete flow: login, create, delete application" classname="simple.spec.ts" time="7.166">
<system-out>
<![CDATA[✅ Login réussi
✅ Candidature créée
✅ Candidature supprimée
🎯 Flow complet réussi : Login → Create → Delete

[[ATTACHMENT|simple-complete-flow-login-create-delete-application-chromium/test-finished-1.png]]

[[ATTACHMENT|simple-complete-flow-login-create-delete-application-chromium/video.webm]]
]]>
</system-out>
</testcase>
</testsuite>
</testsuites>